c:\users\juraj macák\desktop\auš\špedičná spoločnosť\spedicna-spolocnost\spedicna-spolocnost\debug\vc140.pdb
c:\users\juraj macák\desktop\auš\špedičná spoločnosť\spedicna-spolocnost\spedicna-spolocnost\debug\vc140.idb
c:\users\juraj macák\desktop\auš\špedičná spoločnosť\spedicna-spolocnost\spedicna-spolocnost\debug\cui.obj
c:\users\juraj macák\desktop\auš\špedičná spoločnosť\spedicna-spolocnost\spedicna-spolocnost\debug\datum.obj
c:\users\juraj macák\desktop\auš\špedičná spoločnosť\spedicna-spolocnost\spedicna-spolocnost\debug\dodavatel.obj
c:\users\juraj macák\desktop\auš\špedičná spoločnosť\spedicna-spolocnost\spedicna-spolocnost\debug\firma.obj
c:\users\juraj macák\desktop\auš\špedičná spoločnosť\spedicna-spolocnost\spedicna-spolocnost\debug\helper.obj
c:\users\juraj macák\desktop\auš\špedičná spoločnosť\spedicna-spolocnost\spedicna-spolocnost\debug\kamion.obj
c:\users\juraj macák\desktop\auš\špedičná spoločnosť\spedicna-spolocnost\spedicna-spolocnost\debug\main.obj
c:\users\juraj macák\desktop\auš\špedičná spoločnosť\spedicna-spolocnost\spedicna-spolocnost\debug\paleta.obj
c:\users\juraj macák\desktop\auš\špedičná spoločnosť\spedicna-spolocnost\spedicna-spolocnost\debug\region.obj
c:\users\juraj macák\desktop\auš\špedičná spoločnosť\spedicna-spolocnost\spedicna-spolocnost\debug\ds_routines.obj
c:\users\juraj macák\desktop\auš\špedičná spoločnosť\spedicna-spolocnost\spedicna-spolocnost\debug\memory_routines.obj
c:\users\juraj macák\desktop\auš\špedičná spoločnosť\spedicna-spolocnost\spedicna-spolocnost\debug\structure.obj
c:\users\juraj macák\desktop\auš\špedičná spoločnosť\spedicna-spolocnost\spedicna-spolocnost\debug\vector.obj
c:\users\juraj macák\desktop\auš\špedičná spoločnosť\spedicna-spolocnost\spedicna-spolocnost\debug\suborio.obj
c:\users\juraj macák\desktop\auš\špedičná spoločnosť\spedicna-spolocnost\spedicna-spolocnost\debug\testing.obj
c:\users\juraj macák\desktop\auš\špedičná spoločnosť\spedicna-spolocnost\spedicna-spolocnost\debug\vozidlo.obj
c:\users\juraj macák\desktop\auš\špedičná spoločnosť\spedicna-spolocnost\debug\spedicna-spolocnost.ilk
c:\users\juraj macák\desktop\auš\špedičná spoločnosť\spedicna-spolocnost\debug\spedicna-spolocnost.exe
c:\users\juraj macák\desktop\auš\špedičná spoločnosť\spedicna-spolocnost\debug\spedicna-spolocnost.pdb
c:\users\juraj macák\desktop\auš\špedičná spoločnosť\spedicna-spolocnost\spedicna-spolocnost\debug\spedicna.f4b59302.tlog\cl.command.1.tlog
c:\users\juraj macák\desktop\auš\špedičná spoločnosť\spedicna-spolocnost\spedicna-spolocnost\debug\spedicna.f4b59302.tlog\cl.read.1.tlog
c:\users\juraj macák\desktop\auš\špedičná spoločnosť\spedicna-spolocnost\spedicna-spolocnost\debug\spedicna.f4b59302.tlog\cl.write.1.tlog
c:\users\juraj macák\desktop\auš\špedičná spoločnosť\spedicna-spolocnost\spedicna-spolocnost\debug\spedicna.f4b59302.tlog\link.command.1.tlog
c:\users\juraj macák\desktop\auš\špedičná spoločnosť\spedicna-spolocnost\spedicna-spolocnost\debug\spedicna.f4b59302.tlog\link.read.1.tlog
c:\users\juraj macák\desktop\auš\špedičná spoločnosť\spedicna-spolocnost\spedicna-spolocnost\debug\spedicna.f4b59302.tlog\link.write.1.tlog
